appSample/build/intermediates/manifest_merge_blame_file/debug/manifest-merger-blame-debug-report.txt
1<?xml version="1.0" encoding="utf-8"?>
2<!--
3  ~ Copyright (C) 2005-2017 Qihoo 360 Inc.
4  ~
5  ~ Licensed under the Apache License, Version 2.0 (the "License"); you may not
6  ~ use this file except in compliance with the License. You may obtain a copy of
7  ~ the License at
8  ~
9  ~ http://www.apache.org/licenses/LICENSE-2.0
10  ~
11  ~ Unless required by applicable law or agreed To in writing, software
12  ~ distributed under the License is distributed on an "AS IS" BASIS, WITHOUT
13  ~ WARRANTIES OR CONDITIONS OF ANY KIND, either express or implied. See the
14  ~ License for the specific language governing permissions and limitations under
15  ~ the License.
16-->
17<manifest xmlns:android="http://schemas.android.com/apk/res/android"
18    package="com.qihoo360.replugin.sample.host"
19    android:versionCode="1"
20    android:versionName="1.0" >
21
22    <uses-sdk
23        android:minSdkVersion="14"
23-->src\main\AndroidManifest.xml
24        android:targetSdkVersion="22" />
24-->src\main\AndroidManifest.xml
25
26    <!-- ======= REPLUGIN ======= -->
27    <!-- SDK Only (4Stats)。也是“常用的”几个权限 -->
28    <uses-permission android:name="android.permission.INTERNET" />
28-->src\main\AndroidManifest.xml:22:5-67
28-->src\main\AndroidManifest.xml:22:22-64
29    <uses-permission android:name="android.permission.ACCESS_WIFI_STATE" />
29-->src\main\AndroidManifest.xml:23:5-76
29-->src\main\AndroidManifest.xml:23:22-73
30    <uses-permission android:name="android.permission.ACCESS_NETWORK_STATE" />
30-->src\main\AndroidManifest.xml:24:5-79
30-->src\main\AndroidManifest.xml:24:22-76
31    <uses-permission android:name="android.permission.WRITE_EXTERNAL_STORAGE" />
31-->src\main\AndroidManifest.xml:25:5-81
31-->src\main\AndroidManifest.xml:25:22-78
32    <uses-permission android:name="android.permission.READ_PHONE_STATE" />
32-->src\main\AndroidManifest.xml:26:5-75
32-->src\main\AndroidManifest.xml:26:22-72
33
34    <!-- ======================== -->
35    <application
35-->src\main\AndroidManifest.xml:29:5-57:19
36        android:name="com.qihoo360.replugin.sample.host.SampleApplication"
36-->src\main\AndroidManifest.xml:30:9-42
37        android:allowBackup="false"
37-->src\main\AndroidManifest.xml:31:9-36
38        android:appComponentFactory="androidx.core.app.CoreComponentFactory"
38-->[androidx.core:core:1.0.0] AndroidManifest.xml:22:18-86
39        android:debuggable="true"
40        android:icon="@mipmap/ic_launcher"
40-->src\main\AndroidManifest.xml:32:9-43
41        android:label="@string/app_name"
41-->src\main\AndroidManifest.xml:33:9-41
42        android:roundIcon="@mipmap/ic_launcher_round"
42-->src\main\AndroidManifest.xml:34:9-54
43        android:supportsRtl="true"
43-->src\main\AndroidManifest.xml:35:9-35
44        android:theme="@style/AppTheme" >
44-->src\main\AndroidManifest.xml:36:9-40
45        <activity android:name="com.qihoo360.replugin.sample.host.MainActivity" >
45-->src\main\AndroidManifest.xml:37:9-43:20
45-->src\main\AndroidManifest.xml:37:19-47
46            <intent-filter>
46-->src\main\AndroidManifest.xml:38:13-42:29
47                <action android:name="android.intent.action.MAIN" />
47-->src\main\AndroidManifest.xml:39:17-69
47-->src\main\AndroidManifest.xml:39:25-66
48
49                <category android:name="android.intent.category.LAUNCHER" />
49-->src\main\AndroidManifest.xml:41:17-77
49-->src\main\AndroidManifest.xml:41:27-74
50            </intent-filter>
51        </activity>
52        <activity android:name="com.qihoo360.replugin.sample.host.PluginFragmentActivity" />
52-->src\main\AndroidManifest.xml:45:9-60
52-->src\main\AndroidManifest.xml:45:19-57
53
54        <provider
54-->src\main\AndroidManifest.xml:47:9-56:20
55            android:name="com.qihoo360.replugin.sample.host.FileProvider"
55-->src\main\AndroidManifest.xml:48:13-41
56            android:authorities="com.qihoo360.replugin.sample.host.FILE_PROVIDER"
56-->src\main\AndroidManifest.xml:49:13-82
57            android:exported="false"
57-->src\main\AndroidManifest.xml:50:13-37
58            android:grantUriPermissions="true" >
58-->src\main\AndroidManifest.xml:51:13-47
59            <meta-data
59-->src\main\AndroidManifest.xml:52:13-55:25
60                android:name="android.support.FILE_PROVIDER_PATHS"
60-->src\main\AndroidManifest.xml:53:17-67
61                android:resource="@xml/fileprovider_path" >
61-->src\main\AndroidManifest.xml:54:17-58
62            </meta-data>
63        </provider>
64        <!-- 注意：此文件不要写入与'坑位'配置相关的组件（Activity、Provider），它们由 gradle 插件自动生成） -->
65        <!-- 注意：此文件不要写入与'坑位'配置相关的组件（Activity、Provider），它们由 gradle 插件自动生成） -->
66        <!-- 注意：此文件不要写入与'坑位'配置相关的组件（Activity、Provider），它们由 gradle 插件自动生成） -->
67        <!-- ======================================================================== -->
68        <!-- 开始：插件stub -->
69        <!-- Activity坑中的screenSize属性 7.3.0以上才支持 -->
70        <provider
70-->[:replugin-host-lib] AndroidManifest.xml:37:9-40:40
71            android:name="com.qihoo360.replugin.component.process.ProcessPitProviderUI"
71-->[:replugin-host-lib] AndroidManifest.xml:38:13-88
72            android:authorities="com.qihoo360.replugin.sample.host.loader.p.mainN1"
72-->[:replugin-host-lib] AndroidManifest.xml:39:13-67
73            android:exported="false" />
73-->[:replugin-host-lib] AndroidManifest.xml:40:13-37
74        <provider
74-->[:replugin-host-lib] AndroidManifest.xml:41:9-44:40
75            android:name="com.qihoo360.replugin.sample.host.loader.p.ProviderN1"
75-->[:replugin-host-lib] AndroidManifest.xml:42:13-64
76            android:authorities="com.qihoo360.replugin.sample.host.loader.p.prN1"
76-->[:replugin-host-lib] AndroidManifest.xml:43:13-65
77            android:exported="false" />
77-->[:replugin-host-lib] AndroidManifest.xml:44:13-37
78
79        <service
79-->[:replugin-host-lib] AndroidManifest.xml:46:9-48:40
80            android:name="com.qihoo360.replugin.sample.host.loader.s.ServiceN1"
80-->[:replugin-host-lib] AndroidManifest.xml:47:13-63
81            android:exported="false" />
81-->[:replugin-host-lib] AndroidManifest.xml:48:13-37
82
83        <provider
83-->[:replugin-host-lib] AndroidManifest.xml:50:9-54:42
84            android:name="com.qihoo360.replugin.component.process.ProcessPitProviderLoader0"
84-->[:replugin-host-lib] AndroidManifest.xml:51:13-93
85            android:authorities="com.qihoo360.replugin.sample.host.loader.p.main0"
85-->[:replugin-host-lib] AndroidManifest.xml:52:13-66
86            android:exported="false"
86-->[:replugin-host-lib] AndroidManifest.xml:53:13-37
87            android:process=":loader0" />
87-->[:replugin-host-lib] AndroidManifest.xml:54:13-39
88        <provider
88-->[:replugin-host-lib] AndroidManifest.xml:55:9-59:42
89            android:name="com.qihoo360.replugin.sample.host.loader.p.Provider0"
89-->[:replugin-host-lib] AndroidManifest.xml:56:13-63
90            android:authorities="com.qihoo360.replugin.sample.host.loader.p.pr0"
90-->[:replugin-host-lib] AndroidManifest.xml:57:13-64
91            android:exported="false"
91-->[:replugin-host-lib] AndroidManifest.xml:58:13-37
92            android:process=":loader0" />
92-->[:replugin-host-lib] AndroidManifest.xml:59:13-39
93
94        <service
94-->[:replugin-host-lib] AndroidManifest.xml:61:9-64:42
95            android:name="com.qihoo360.replugin.sample.host.loader.s.Service0"
95-->[:replugin-host-lib] AndroidManifest.xml:62:13-62
96            android:exported="false"
96-->[:replugin-host-lib] AndroidManifest.xml:63:13-37
97            android:process=":loader0" />
97-->[:replugin-host-lib] AndroidManifest.xml:64:13-39
98
99        <activity
99-->[:replugin-host-lib] AndroidManifest.xml:66:9-74:63
100            android:name="com.qihoo360.replugin.sample.host.loader.a.Activity0_singleTask1"
100-->[:replugin-host-lib] AndroidManifest.xml:67:13-75
101            android:configChanges="keyboard|keyboardHidden|orientation|screenSize"
101-->[:replugin-host-lib] AndroidManifest.xml:68:13-83
102            android:exported="false"
102-->[:replugin-host-lib] AndroidManifest.xml:69:13-37
103            android:launchMode="singleTask"
103-->[:replugin-host-lib] AndroidManifest.xml:70:13-44
104            android:process=":loader0"
104-->[:replugin-host-lib] AndroidManifest.xml:71:13-39
105            android:screenOrientation="portrait"
105-->[:replugin-host-lib] AndroidManifest.xml:72:13-49
106            android:taskAffinity=":loader0"
106-->[:replugin-host-lib] AndroidManifest.xml:73:13-44
107            android:theme="@android:style/Theme.NoTitleBar" />
107-->[:replugin-host-lib] AndroidManifest.xml:74:13-60
108        <activity
108-->[:replugin-host-lib] AndroidManifest.xml:75:9-82:63
109            android:name="com.qihoo360.replugin.sample.host.loader.a.Activity0_singleInstance1"
109-->[:replugin-host-lib] AndroidManifest.xml:76:13-79
110            android:configChanges="keyboard|keyboardHidden|orientation|screenSize"
110-->[:replugin-host-lib] AndroidManifest.xml:77:13-83
111            android:exported="false"
111-->[:replugin-host-lib] AndroidManifest.xml:78:13-37
112            android:launchMode="singleInstance"
112-->[:replugin-host-lib] AndroidManifest.xml:79:13-48
113            android:process=":loader0"
113-->[:replugin-host-lib] AndroidManifest.xml:80:13-39
114            android:screenOrientation="portrait"
114-->[:replugin-host-lib] AndroidManifest.xml:81:13-49
115            android:theme="@android:style/Theme.NoTitleBar" />
115-->[:replugin-host-lib] AndroidManifest.xml:82:13-60
116        <activity
116-->[:replugin-host-lib] AndroidManifest.xml:83:9-89:63
117            android:name="com.qihoo360.replugin.sample.host.loader.a.Activity0_task"
117-->[:replugin-host-lib] AndroidManifest.xml:84:13-68
118            android:configChanges="keyboard|keyboardHidden|orientation|screenSize"
118-->[:replugin-host-lib] AndroidManifest.xml:85:13-83
119            android:exported="false"
119-->[:replugin-host-lib] AndroidManifest.xml:86:13-37
120            android:process=":loader0"
120-->[:replugin-host-lib] AndroidManifest.xml:87:13-39
121            android:screenOrientation="portrait"
121-->[:replugin-host-lib] AndroidManifest.xml:88:13-49
122            android:theme="@android:style/Theme.NoTitleBar" />
122-->[:replugin-host-lib] AndroidManifest.xml:89:13-60
123        <activity
123-->[:replugin-host-lib] AndroidManifest.xml:90:9-96:74
124            android:name="com.qihoo360.replugin.sample.host.loader.a.Activity0_fullscreen"
124-->[:replugin-host-lib] AndroidManifest.xml:91:13-74
125            android:configChanges="keyboard|keyboardHidden|orientation|screenSize"
125-->[:replugin-host-lib] AndroidManifest.xml:92:13-83
126            android:exported="false"
126-->[:replugin-host-lib] AndroidManifest.xml:93:13-37
127            android:process=":loader0"
127-->[:replugin-host-lib] AndroidManifest.xml:94:13-39
128            android:screenOrientation="portrait"
128-->[:replugin-host-lib] AndroidManifest.xml:95:13-49
129            android:theme="@android:style/Theme.NoTitleBar.Fullscreen" />
129-->[:replugin-host-lib] AndroidManifest.xml:96:13-71
130        <activity
130-->[:replugin-host-lib] AndroidManifest.xml:97:9-103:75
131            android:name="com.qihoo360.replugin.sample.host.loader.a.Activity0_translucent"
131-->[:replugin-host-lib] AndroidManifest.xml:98:13-75
132            android:configChanges="keyboard|keyboardHidden|orientation|screenSize"
132-->[:replugin-host-lib] AndroidManifest.xml:99:13-83
133            android:exported="false"
133-->[:replugin-host-lib] AndroidManifest.xml:100:13-37
134            android:process=":loader0"
134-->[:replugin-host-lib] AndroidManifest.xml:101:13-39
135            android:screenOrientation="portrait"
135-->[:replugin-host-lib] AndroidManifest.xml:102:13-49
136            android:theme="@android:style/Theme.Translucent.NoTitleBar" />
136-->[:replugin-host-lib] AndroidManifest.xml:103:13-72
137        <activity
137-->[:replugin-host-lib] AndroidManifest.xml:104:9-110:86
138            android:name="com.qihoo360.replugin.sample.host.loader.a.Activity0_translucent_fullscreen"
138-->[:replugin-host-lib] AndroidManifest.xml:105:13-86
139            android:configChanges="keyboard|keyboardHidden|orientation|screenSize"
139-->[:replugin-host-lib] AndroidManifest.xml:106:13-83
140            android:exported="false"
140-->[:replugin-host-lib] AndroidManifest.xml:107:13-37
141            android:process=":loader0"
141-->[:replugin-host-lib] AndroidManifest.xml:108:13-39
142            android:screenOrientation="portrait"
142-->[:replugin-host-lib] AndroidManifest.xml:109:13-49
143            android:theme="@android:style/Theme.Translucent.NoTitleBar.Fullscreen" />
143-->[:replugin-host-lib] AndroidManifest.xml:110:13-83
144        <activity
144-->[:replugin-host-lib] AndroidManifest.xml:111:9-117:59
145            android:name="com.qihoo360.replugin.sample.host.loader.a.Activity0_dialog"
145-->[:replugin-host-lib] AndroidManifest.xml:112:13-70
146            android:configChanges="keyboard|keyboardHidden|orientation|screenSize"
146-->[:replugin-host-lib] AndroidManifest.xml:113:13-83
147            android:exported="false"
147-->[:replugin-host-lib] AndroidManifest.xml:114:13-37
148            android:process=":loader0"
148-->[:replugin-host-lib] AndroidManifest.xml:115:13-39
149            android:screenOrientation="portrait"
149-->[:replugin-host-lib] AndroidManifest.xml:116:13-49
150            android:theme="@android:style/Theme.Dialog" />
150-->[:replugin-host-lib] AndroidManifest.xml:117:13-56
151        <activity
151-->[:replugin-host-lib] AndroidManifest.xml:118:9-125:63
152            android:name="com.qihoo360.replugin.sample.host.loader.a.Activity0"
152-->[:replugin-host-lib] AndroidManifest.xml:119:13-63
153            android:configChanges="keyboard|keyboardHidden|orientation|screenSize"
153-->[:replugin-host-lib] AndroidManifest.xml:120:13-83
154            android:exported="false"
154-->[:replugin-host-lib] AndroidManifest.xml:121:13-37
155            android:process=":loader0"
155-->[:replugin-host-lib] AndroidManifest.xml:122:13-39
156            android:screenOrientation="portrait"
156-->[:replugin-host-lib] AndroidManifest.xml:123:13-49
157            android:taskAffinity=":loader0"
157-->[:replugin-host-lib] AndroidManifest.xml:124:13-44
158            android:theme="@android:style/Theme.NoTitleBar" />
158-->[:replugin-host-lib] AndroidManifest.xml:125:13-60
159
160        <provider
160-->[:replugin-host-lib] AndroidManifest.xml:127:9-131:42
161            android:name="com.qihoo360.replugin.component.process.ProcessPitProviderLoader1"
161-->[:replugin-host-lib] AndroidManifest.xml:128:13-93
162            android:authorities="com.qihoo360.replugin.sample.host.loader.p.main1"
162-->[:replugin-host-lib] AndroidManifest.xml:129:13-66
163            android:exported="false"
163-->[:replugin-host-lib] AndroidManifest.xml:130:13-37
164            android:process=":loader1" />
164-->[:replugin-host-lib] AndroidManifest.xml:131:13-39
165        <provider
165-->[:replugin-host-lib] AndroidManifest.xml:132:9-136:42
166            android:name="com.qihoo360.replugin.sample.host.loader.p.Provider1"
166-->[:replugin-host-lib] AndroidManifest.xml:133:13-63
167            android:authorities="com.qihoo360.replugin.sample.host.loader.p.pr1"
167-->[:replugin-host-lib] AndroidManifest.xml:134:13-64
168            android:exported="false"
168-->[:replugin-host-lib] AndroidManifest.xml:135:13-37
169            android:process=":loader1" />
169-->[:replugin-host-lib] AndroidManifest.xml:136:13-39
170
171        <service
171-->[:replugin-host-lib] AndroidManifest.xml:138:9-141:42
172            android:name="com.qihoo360.replugin.sample.host.loader.s.Service1"
172-->[:replugin-host-lib] AndroidManifest.xml:139:13-62
173            android:exported="false"
173-->[:replugin-host-lib] AndroidManifest.xml:140:13-37
174            android:process=":loader1" />
174-->[:replugin-host-lib] AndroidManifest.xml:141:13-39
175
176        <activity
176-->[:replugin-host-lib] AndroidManifest.xml:143:9-151:63
177            android:name="com.qihoo360.replugin.sample.host.loader.a.Activity1_singleTask1"
177-->[:replugin-host-lib] AndroidManifest.xml:144:13-75
178            android:configChanges="keyboard|keyboardHidden|orientation|screenSize"
178-->[:replugin-host-lib] AndroidManifest.xml:145:13-83
179            android:exported="false"
179-->[:replugin-host-lib] AndroidManifest.xml:146:13-37
180            android:launchMode="singleTask"
180-->[:replugin-host-lib] AndroidManifest.xml:147:13-44
181            android:process=":loader1"
181-->[:replugin-host-lib] AndroidManifest.xml:148:13-39
182            android:screenOrientation="portrait"
182-->[:replugin-host-lib] AndroidManifest.xml:149:13-49
183            android:taskAffinity=":loader1"
183-->[:replugin-host-lib] AndroidManifest.xml:150:13-44
184            android:theme="@android:style/Theme.NoTitleBar" />
184-->[:replugin-host-lib] AndroidManifest.xml:151:13-60
185        <activity
185-->[:replugin-host-lib] AndroidManifest.xml:152:9-159:63
186            android:name="com.qihoo360.replugin.sample.host.loader.a.Activity1_singleInstance1"
186-->[:replugin-host-lib] AndroidManifest.xml:153:13-79
187            android:configChanges="keyboard|keyboardHidden|orientation|screenSize"
187-->[:replugin-host-lib] AndroidManifest.xml:154:13-83
188            android:exported="false"
188-->[:replugin-host-lib] AndroidManifest.xml:155:13-37
189            android:launchMode="singleInstance"
189-->[:replugin-host-lib] AndroidManifest.xml:156:13-48
190            android:process=":loader1"
190-->[:replugin-host-lib] AndroidManifest.xml:157:13-39
191            android:screenOrientation="portrait"
191-->[:replugin-host-lib] AndroidManifest.xml:158:13-49
192            android:theme="@android:style/Theme.NoTitleBar" />
192-->[:replugin-host-lib] AndroidManifest.xml:159:13-60
193        <activity
193-->[:replugin-host-lib] AndroidManifest.xml:160:9-166:63
194            android:name="com.qihoo360.replugin.sample.host.loader.a.Activity1_task"
194-->[:replugin-host-lib] AndroidManifest.xml:161:13-68
195            android:configChanges="keyboard|keyboardHidden|orientation|screenSize"
195-->[:replugin-host-lib] AndroidManifest.xml:162:13-83
196            android:exported="false"
196-->[:replugin-host-lib] AndroidManifest.xml:163:13-37
197            android:process=":loader1"
197-->[:replugin-host-lib] AndroidManifest.xml:164:13-39
198            android:screenOrientation="portrait"
198-->[:replugin-host-lib] AndroidManifest.xml:165:13-49
199            android:theme="@android:style/Theme.NoTitleBar" />
199-->[:replugin-host-lib] AndroidManifest.xml:166:13-60
200        <activity
200-->[:replugin-host-lib] AndroidManifest.xml:167:9-173:74
201            android:name="com.qihoo360.replugin.sample.host.loader.a.Activity1_fullscreen"
201-->[:replugin-host-lib] AndroidManifest.xml:168:13-74
202            android:configChanges="keyboard|keyboardHidden|orientation|screenSize"
202-->[:replugin-host-lib] AndroidManifest.xml:169:13-83
203            android:exported="false"
203-->[:replugin-host-lib] AndroidManifest.xml:170:13-37
204            android:process=":loader1"
204-->[:replugin-host-lib] AndroidManifest.xml:171:13-39
205            android:screenOrientation="portrait"
205-->[:replugin-host-lib] AndroidManifest.xml:172:13-49
206            android:theme="@android:style/Theme.NoTitleBar.Fullscreen" />
206-->[:replugin-host-lib] AndroidManifest.xml:173:13-71
207        <activity
207-->[:replugin-host-lib] AndroidManifest.xml:174:9-180:75
208            android:name="com.qihoo360.replugin.sample.host.loader.a.Activity1_translucent"
208-->[:replugin-host-lib] AndroidManifest.xml:175:13-75
209            android:configChanges="keyboard|keyboardHidden|orientation|screenSize"
209-->[:replugin-host-lib] AndroidManifest.xml:176:13-83
210            android:exported="false"
210-->[:replugin-host-lib] AndroidManifest.xml:177:13-37
211            android:process=":loader1"
211-->[:replugin-host-lib] AndroidManifest.xml:178:13-39
212            android:screenOrientation="portrait"
212-->[:replugin-host-lib] AndroidManifest.xml:179:13-49
213            android:theme="@android:style/Theme.Translucent.NoTitleBar" />
213-->[:replugin-host-lib] AndroidManifest.xml:180:13-72
214        <activity
214-->[:replugin-host-lib] AndroidManifest.xml:181:9-187:86
215            android:name="com.qihoo360.replugin.sample.host.loader.a.Activity1_translucent_fullscreen"
215-->[:replugin-host-lib] AndroidManifest.xml:182:13-86
216            android:configChanges="keyboard|keyboardHidden|orientation|screenSize"
216-->[:replugin-host-lib] AndroidManifest.xml:183:13-83
217            android:exported="false"
217-->[:replugin-host-lib] AndroidManifest.xml:184:13-37
218            android:process=":loader1"
218-->[:replugin-host-lib] AndroidManifest.xml:185:13-39
219            android:screenOrientation="portrait"
219-->[:replugin-host-lib] AndroidManifest.xml:186:13-49
220            android:theme="@android:style/Theme.Translucent.NoTitleBar.Fullscreen" />
220-->[:replugin-host-lib] AndroidManifest.xml:187:13-83
221        <activity
221-->[:replugin-host-lib] AndroidManifest.xml:188:9-194:59
222            android:name="com.qihoo360.replugin.sample.host.loader.a.Activity1_dialog"
222-->[:replugin-host-lib] AndroidManifest.xml:189:13-70
223            android:configChanges="keyboard|keyboardHidden|orientation|screenSize"
223-->[:replugin-host-lib] AndroidManifest.xml:190:13-83
224            android:exported="false"
224-->[:replugin-host-lib] AndroidManifest.xml:191:13-37
225            android:process=":loader1"
225-->[:replugin-host-lib] AndroidManifest.xml:192:13-39
226            android:screenOrientation="portrait"
226-->[:replugin-host-lib] AndroidManifest.xml:193:13-49
227            android:theme="@android:style/Theme.Dialog" />
227-->[:replugin-host-lib] AndroidManifest.xml:194:13-56
228        <activity
228-->[:replugin-host-lib] AndroidManifest.xml:195:9-202:63
229            android:name="com.qihoo360.replugin.sample.host.loader.a.Activity1"
229-->[:replugin-host-lib] AndroidManifest.xml:196:13-63
230            android:configChanges="keyboard|keyboardHidden|orientation|screenSize"
230-->[:replugin-host-lib] AndroidManifest.xml:197:13-83
231            android:exported="false"
231-->[:replugin-host-lib] AndroidManifest.xml:198:13-37
232            android:process=":loader1"
232-->[:replugin-host-lib] AndroidManifest.xml:199:13-39
233            android:screenOrientation="portrait"
233-->[:replugin-host-lib] AndroidManifest.xml:200:13-49
234            android:taskAffinity=":loader1"
234-->[:replugin-host-lib] AndroidManifest.xml:201:13-44
235            android:theme="@android:style/Theme.NoTitleBar" />
235-->[:replugin-host-lib] AndroidManifest.xml:202:13-60
236
237        <provider
237-->[:replugin-host-lib] AndroidManifest.xml:204:9-207:40
238            android:name="com.qihoo360.replugin.component.provider.PluginPitProviderUI"
238-->[:replugin-host-lib] AndroidManifest.xml:205:13-88
239            android:authorities="com.qihoo360.replugin.sample.host.Plugin.NP.UIP"
239-->[:replugin-host-lib] AndroidManifest.xml:206:13-65
240            android:exported="false" />
240-->[:replugin-host-lib] AndroidManifest.xml:207:13-37
241
242        <service android:name="com.qihoo360.replugin.component.service.server.PluginPitServiceUI" /> <!-- 结束：插件stub -->
242-->[:replugin-host-lib] AndroidManifest.xml:209:9-101
242-->[:replugin-host-lib] AndroidManifest.xml:209:18-98
243        <!-- ======================================================================== -->
244        <!-- 在UI进程中安装插件。请参见类的说明 -->
245        <provider
245-->[:replugin-host-lib] AndroidManifest.xml:216:9-220:20
246            android:name="com.qihoo360.replugin.packages.PluginFastInstallProvider"
246-->[:replugin-host-lib] AndroidManifest.xml:217:13-84
247            android:authorities="com.qihoo360.replugin.sample.host.loader.p.pip"
247-->[:replugin-host-lib] AndroidManifest.xml:218:13-64
248            android:exported="false" >
248-->[:replugin-host-lib] AndroidManifest.xml:219:13-37
249        </provider>
250    </application>
251
252</manifest>